Using pre-set license
Built from '2022.2/china_unity/release' branch; Version is '2022.2.12f1c1 (4d94671b4079) revision 5084263'; Using compiler version '192829333'; Build Type 'Release'
OS: 'Windows 11  (10.0.22000) 64bit Professional' Language: 'zh' Physical Memory: 16304 MB
BatchMode: 1, IsHumanControllingUs: 0, StartBugReporterOnCrash: 0, Is64bit: 1, IsPro: 1

COMMAND LINE ARGUMENTS:
C:\Program Files\Unity\Hub\Editor\2022.2.12f1c1\Editor\Unity.exe
-adb2
-batchMode
-noUpm
-name
AssetImportWorker0
-projectPath
G:/unity2/YGOProUnity_V2
-logFile
Logs/AssetImportWorker0.log
-srvPort
64167
Successfully changed project path to: G:/unity2/YGOProUnity_V2
G:/unity2/YGOProUnity_V2
[UnityMemory] Configuration Parameters - Can be set up in boot.config
    "memorysetup-bucket-allocator-granularity=16"
    "memorysetup-bucket-allocator-bucket-count=8"
    "memorysetup-bucket-allocator-block-size=33554432"
    "memorysetup-bucket-allocator-block-count=8"
    "memorysetup-main-allocator-block-size=16777216"
    "memorysetup-thread-allocator-block-size=16777216"
    "memorysetup-gfx-main-allocator-block-size=16777216"
    "memorysetup-gfx-thread-allocator-block-size=16777216"
    "memorysetup-cache-allocator-block-size=4194304"
    "memorysetup-typetree-allocator-block-size=2097152"
    "memorysetup-profiler-bucket-allocator-granularity=16"
    "memorysetup-profiler-bucket-allocator-bucket-count=8"
    "memorysetup-profiler-bucket-allocator-block-size=33554432"
    "memorysetup-profiler-bucket-allocator-block-count=8"
    "memorysetup-profiler-allocator-block-size=16777216"
    "memorysetup-profiler-editor-allocator-block-size=1048576"
    "memorysetup-temp-allocator-size-main=16777216"
    "memorysetup-job-temp-allocator-block-size=2097152"
    "memorysetup-job-temp-allocator-block-size-background=1048576"
    "memorysetup-job-temp-allocator-reduction-small-platforms=262144"
    "memorysetup-temp-allocator-size-background-worker=32768"
    "memorysetup-temp-allocator-size-job-worker=262144"
    "memorysetup-temp-allocator-size-preload-manager=33554432"
    "memorysetup-temp-allocator-size-nav-mesh-worker=65536"
    "memorysetup-temp-allocator-size-audio-worker=65536"
    "memorysetup-temp-allocator-size-cloud-worker=32768"
    "memorysetup-temp-allocator-size-gi-baking-worker=262144"
    "memorysetup-temp-allocator-size-gfx=262144"
Player connection [9996] Host "[IP] 192.168.2.101 [Port] 0 [Flags] 2 [Guid] 3524219988 [EditorId] 3524219988 [Version] 1048832 [Id] WindowsEditor(7,DESKTOP-HP64MHA) [Debug] 1 [PackageName] WindowsEditor [ProjectName] Editor" joined multi-casting on [225.0.0.222:54997]...

Player connection [9996] Host "[IP] 192.168.2.101 [Port] 0 [Flags] 2 [Guid] 3524219988 [EditorId] 3524219988 [Version] 1048832 [Id] WindowsEditor(7,DESKTOP-HP64MHA) [Debug] 1 [PackageName] WindowsEditor [ProjectName] Editor" joined alternative multi-casting on [225.0.0.222:34997]...

Refreshing native plugins compatible for Editor in 67.00 ms, found 6 plugins.
Preloading 0 native plugins for Editor in 0.00 ms.
Initialize engine version: 2022.2.12f1c1 (4d94671b4079)
[Subsystems] Discovering subsystems at path C:/Program Files/Unity/Hub/Editor/2022.2.12f1c1/Editor/Data/Resources/UnitySubsystems
[Subsystems] Discovering subsystems at path G:/unity2/YGOProUnity_V2/Assets
GfxDevice: creating device client; threaded=0; jobified=0
Direct3D:
    Version:  Direct3D 11.0 [level 11.1]
    Renderer: NVIDIA GeForce RTX 3060 (ID=0x2504)
    Vendor:   NVIDIA
    VRAM:     12129 MB
    Driver:   31.0.15.3141
Initialize mono
Mono path[0] = 'C:/Program Files/Unity/Hub/Editor/2022.2.12f1c1/Editor/Data/Managed'
Mono path[1] = 'C:/Program Files/Unity/Hub/Editor/2022.2.12f1c1/Editor/Data/MonoBleedingEdge/lib/mono/unityjit-win32'
Mono config path = 'C:/Program Files/Unity/Hub/Editor/2022.2.12f1c1/Editor/Data/MonoBleedingEdge/etc'
Using monoOptions --debugger-agent=transport=dt_socket,embedding=1,server=y,suspend=n,address=127.0.0.1:56836
Begin MonoManager ReloadAssembly
Registering precompiled unity dll's ...
Register platform support module: C:/Program Files/Unity/Hub/Editor/2022.2.12f1c1/Editor/Data/PlaybackEngines/WebGLSupport/UnityEditor.WebGL.Extensions.dll
Register platform support module: C:/Program Files/Unity/Hub/Editor/2022.2.12f1c1/Editor/Data/PlaybackEngines/AndroidPlayer/UnityEditor.Android.Extensions.dll
Register platform support module: C:/Program Files/Unity/Hub/Editor/2022.2.12f1c1/Editor/Data/PlaybackEngines/WindowsStandaloneSupport/UnityEditor.WindowsStandalone.Extensions.dll
Registered in 0.077497 seconds.
- Loaded All Assemblies, in  0.954 seconds
Native extension for WindowsStandalone target not found
Native extension for Android target not found
Android Extension - Scanning For ADB Devices 672 ms
Native extension for WebGL target not found
Mono: successfully reloaded assembly
- Finished resetting the current domain, in  1.427 seconds
Domain Reload Profiling:
	ReloadAssembly (575ms)
		BeginReloadAssembly (242ms)
			ExecutionOrderSort (0ms)
			DisableScriptedObjects (0ms)
			BackupInstance (0ms)
			ReleaseScriptingObjects (0ms)
			CreateAndSetChildDomain (2ms)
		LoadAllAssembliesAndSetupDomain (0ms)
			LoadAssemblies (224ms)
			RebuildTransferFunctionScriptingTraits (0ms)
			SetupTypeCache (323ms)
				TypeCache.Initialize (321ms)
					TypeCache.ScanAssembly (319ms)
				ResolveRequiredComponents (1ms)
		FinalizeReload (0ms)
			ReleaseScriptCaches (0ms)
			RebuildScriptCaches (0ms)
			SetupLoadedEditorAssemblies (1288ms)
				LogAssemblyErrors (0ms)
				InitializePlatformSupportModulesInManaged (912ms)
				SetLoadedEditorAssemblies (10ms)
				RefreshPlugins (0ms)
				BeforeProcessingInitializeOnLoad (3ms)
				ProcessInitializeOnLoadAttributes (240ms)
				ProcessInitializeOnLoadMethodAttributes (123ms)
				AfterProcessingInitializeOnLoad (0ms)
				EditorAssembliesLoaded (0ms)
			ExecutionOrderSort2 (0ms)
			AwakeInstancesAfterBackupRestoration (0ms)
========================================================================
Worker process is ready to serve import requests
Begin MonoManager ReloadAssembly
- Loaded All Assemblies, in  1.334 seconds
Refreshing native plugins compatible for Editor in 14.98 ms, found 6 plugins.
Native extension for WindowsStandalone target not found
Native extension for Android target not found
Native extension for WebGL target not found
Mono: successfully reloaded assembly
- Finished resetting the current domain, in  0.982 seconds
Domain Reload Profiling:
	ReloadAssembly (522ms)
		BeginReloadAssembly (333ms)
			ExecutionOrderSort (0ms)
			DisableScriptedObjects (14ms)
			BackupInstance (0ms)
			ReleaseScriptingObjects (0ms)
			CreateAndSetChildDomain (44ms)
		LoadAllAssembliesAndSetupDomain (794ms)
			LoadAssemblies (546ms)
			RebuildTransferFunctionScriptingTraits (0ms)
			SetupTypeCache (389ms)
				TypeCache.Initialize (371ms)
					TypeCache.ScanAssembly (367ms)
				ResolveRequiredComponents (14ms)
		FinalizeReload (0ms)
			ReleaseScriptCaches (0ms)
			RebuildScriptCaches (0ms)
			SetupLoadedEditorAssemblies (586ms)
				LogAssemblyErrors (0ms)
				InitializePlatformSupportModulesInManaged (90ms)
				SetLoadedEditorAssemblies (7ms)
				RefreshPlugins (0ms)
				BeforeProcessingInitializeOnLoad (88ms)
				ProcessInitializeOnLoadAttributes (307ms)
				ProcessInitializeOnLoadMethodAttributes (54ms)
				AfterProcessingInitializeOnLoad (40ms)
				EditorAssembliesLoaded (1ms)
			ExecutionOrderSort2 (0ms)
			AwakeInstancesAfterBackupRestoration (18ms)
Launched and connected shader compiler UnityShaderCompiler.exe after 0.09 seconds
Refreshing native plugins compatible for Editor in 15.12 ms, found 6 plugins.
Preloading 0 native plugins for Editor in 0.00 ms.
Unloading 740 Unused Serialized files (Serialized files now loaded: 0)
Unloading 24 unused Assets / (411.8 KB). Loaded Objects now: 1201.
Memory consumption went from 85.9 MB to 85.5 MB.
Total: 5.398600 ms (FindLiveObjects: 0.137900 ms CreateObjectMapping: 0.048600 ms MarkObjects: 4.803800 ms  DeleteObjects: 0.406600 ms)

AssetImportParameters requested are different than current active one (requested -> active):
  custom:video-encoder-webm-vp8: eb34c28f22e8b96e1ab97ce403110664 -> 
  custom:video-decoder-webm-vp8: 9c59270c3fd7afecdb556c50c9e8de78 -> 
  custom:audio-decoder-ogg-vorbis: bf7c407c2cedff20999df2af8eb42d56 -> 
  custom:video-decoder-ogg-theora: a1e56fd34408186e4bbccfd4996cb3dc -> 
  custom:audio-encoder-webm-vorbis: bf7c407c2cedff20999df2af8eb42d56 -> 
  custom:container-demuxer-ogg: 62fdf1f143b41e24485cea50d1cbac27 -> 
  custom:AudioImporter_EditorPlatform: d09bf68614088b80899f8185d706f6e7 -> 
  custom:framework-win-MediaFoundation: 216162199b28c13a410421893ffa2e32 -> 
  custom:container-demuxer-webm: 4f35f7cbe854078d1ac9338744f61a02 -> 
  custom:container-muxer-webm: aa71ff27fc2769a1b78a27578f13a17b -> 
========================================================================
Received Import Request.
  Time since last request: 5671.517896 seconds.
  path: Assets/ArtSystem/YGOPro1/5220687.jpg
  artifactKey: Guid(88875fb8607a23d42be6f3303eb3a721) Importer(815301076,1909f56bfc062723c751e8b465ee728b)
Start importing Assets/ArtSystem/YGOPro1/5220687.jpg using Guid(88875fb8607a23d42be6f3303eb3a721) Importer(815301076,1909f56bfc062723c751e8b465ee728b)  -> (artifact id: 'a3885dfc5811b8458eaa9c90446bcf6c') in 0.113326 seconds 
Number of updated asset objects reloaded before import = 0
Number of asset objects unloaded after import = 2
========================================================================
Received Import Request.
  Time since last request: 0.000037 seconds.
  path: Assets/ArtSystem/YGOPro1/5220687 .png
  artifactKey: Guid(4b34130a2f473ee4a903e62f33b47870) Importer(815301076,1909f56bfc062723c751e8b465ee728b)
Start importing Assets/ArtSystem/YGOPro1/5220687 .png using Guid(4b34130a2f473ee4a903e62f33b47870) Importer(815301076,1909f56bfc062723c751e8b465ee728b)  -> (artifact id: 'cdeac55a3afd365e0bed3556adfd8e6e') in 0.040965 seconds 
Number of updated asset objects reloaded before import = 0
Number of asset objects unloaded after import = 2
========================================================================
Received Prepare
Begin MonoManager ReloadAssembly
- Loaded All Assemblies, in  1.305 seconds
Refreshing native plugins compatible for Editor in 15.27 ms, found 6 plugins.
Native extension for WindowsStandalone target not found
Native extension for Android target not found
Native extension for WebGL target not found
Mono: successfully reloaded assembly
- Finished resetting the current domain, in  1.060 seconds
Domain Reload Profiling:
	ReloadAssembly (565ms)
		BeginReloadAssembly (380ms)
			ExecutionOrderSort (0ms)
			DisableScriptedObjects (17ms)
			BackupInstance (0ms)
			ReleaseScriptingObjects (0ms)
			CreateAndSetChildDomain (60ms)
		LoadAllAssembliesAndSetupDomain (724ms)
			LoadAssemblies (575ms)
			RebuildTransferFunctionScriptingTraits (0ms)
			SetupTypeCache (335ms)
				TypeCache.Initialize (321ms)
					TypeCache.ScanAssembly (316ms)
				ResolveRequiredComponents (15ms)
		FinalizeReload (0ms)
			ReleaseScriptCaches (0ms)
			RebuildScriptCaches (0ms)
			SetupLoadedEditorAssemblies (608ms)
				LogAssemblyErrors (0ms)
				InitializePlatformSupportModulesInManaged (92ms)
				SetLoadedEditorAssemblies (8ms)
				RefreshPlugins (0ms)
				BeforeProcessingInitializeOnLoad (95ms)
				ProcessInitializeOnLoadAttributes (322ms)
				ProcessInitializeOnLoadMethodAttributes (49ms)
				AfterProcessingInitializeOnLoad (42ms)
				EditorAssembliesLoaded (0ms)
			ExecutionOrderSort2 (0ms)
			AwakeInstancesAfterBackupRestoration (19ms)
Refreshing native plugins compatible for Editor in 16.34 ms, found 6 plugins.
Preloading 0 native plugins for Editor in 0.00 ms.
Unloading 668 Unused Serialized files (Serialized files now loaded: 0)
Unloading 22 unused Assets / (367.3 KB). Loaded Objects now: 1205.
Memory consumption went from 69.4 MB to 69.0 MB.
Total: 4.907500 ms (FindLiveObjects: 0.141000 ms CreateObjectMapping: 0.046000 ms MarkObjects: 4.358300 ms  DeleteObjects: 0.359800 ms)

Prepare: number of updated asset objects reloaded= 0
AssetImportParameters requested are different than current active one (requested -> active):
  custom:video-encoder-webm-vp8: eb34c28f22e8b96e1ab97ce403110664 -> 
  custom:video-decoder-webm-vp8: 9c59270c3fd7afecdb556c50c9e8de78 -> 
  custom:audio-decoder-ogg-vorbis: bf7c407c2cedff20999df2af8eb42d56 -> 
  custom:video-decoder-ogg-theora: a1e56fd34408186e4bbccfd4996cb3dc -> 
  custom:audio-encoder-webm-vorbis: bf7c407c2cedff20999df2af8eb42d56 -> 
  custom:container-demuxer-ogg: 62fdf1f143b41e24485cea50d1cbac27 -> 
  custom:AudioImporter_EditorPlatform: d09bf68614088b80899f8185d706f6e7 -> 
  custom:framework-win-MediaFoundation: 216162199b28c13a410421893ffa2e32 -> 
  custom:container-demuxer-webm: 4f35f7cbe854078d1ac9338744f61a02 -> 
  custom:container-muxer-webm: aa71ff27fc2769a1b78a27578f13a17b -> 
========================================================================
Received Prepare
Begin MonoManager ReloadAssembly
- Loaded All Assemblies, in  1.322 seconds
Refreshing native plugins compatible for Editor in 15.65 ms, found 6 plugins.
Native extension for WindowsStandalone target not found
Native extension for Android target not found
Native extension for WebGL target not found
Mono: successfully reloaded assembly
- Finished resetting the current domain, in  1.062 seconds
Domain Reload Profiling:
	ReloadAssembly (535ms)
		BeginReloadAssembly (325ms)
			ExecutionOrderSort (0ms)
			DisableScriptedObjects (13ms)
			BackupInstance (0ms)
			ReleaseScriptingObjects (0ms)
			CreateAndSetChildDomain (46ms)
		LoadAllAssembliesAndSetupDomain (769ms)
			LoadAssemblies (583ms)
			RebuildTransferFunctionScriptingTraits (0ms)
			SetupTypeCache (347ms)
				TypeCache.Initialize (328ms)
					TypeCache.ScanAssembly (324ms)
				ResolveRequiredComponents (12ms)
		FinalizeReload (0ms)
			ReleaseScriptCaches (0ms)
			RebuildScriptCaches (0ms)
			SetupLoadedEditorAssemblies (626ms)
				LogAssemblyErrors (0ms)
				InitializePlatformSupportModulesInManaged (88ms)
				SetLoadedEditorAssemblies (8ms)
				RefreshPlugins (0ms)
				BeforeProcessingInitializeOnLoad (110ms)
				ProcessInitializeOnLoadAttributes (321ms)
				ProcessInitializeOnLoadMethodAttributes (57ms)
				AfterProcessingInitializeOnLoad (41ms)
				EditorAssembliesLoaded (0ms)
			ExecutionOrderSort2 (0ms)
			AwakeInstancesAfterBackupRestoration (19ms)
Refreshing native plugins compatible for Editor in 15.99 ms, found 6 plugins.
Preloading 0 native plugins for Editor in 0.00 ms.
Unloading 987 Unused Serialized files (Serialized files now loaded: 0)
Unloading 24 unused Assets / (375.6 KB). Loaded Objects now: 1526.
Memory consumption went from 76.4 MB to 76.0 MB.
Total: 4.898500 ms (FindLiveObjects: 0.170500 ms CreateObjectMapping: 0.072800 ms MarkObjects: 4.303200 ms  DeleteObjects: 0.350100 ms)

Prepare: number of updated asset objects reloaded= 0
AssetImportParameters requested are different than current active one (requested -> active):
  custom:video-encoder-webm-vp8: eb34c28f22e8b96e1ab97ce403110664 -> 
  custom:video-decoder-webm-vp8: 9c59270c3fd7afecdb556c50c9e8de78 -> 
  custom:audio-decoder-ogg-vorbis: bf7c407c2cedff20999df2af8eb42d56 -> 
  custom:container-demuxer-ogg: 62fdf1f143b41e24485cea50d1cbac27 -> 
  custom:AudioImporter_EditorPlatform: d09bf68614088b80899f8185d706f6e7 -> 
  custom:container-demuxer-webm: 4f35f7cbe854078d1ac9338744f61a02 -> 
  custom:video-decoder-ogg-theora: a1e56fd34408186e4bbccfd4996cb3dc -> 
  custom:audio-encoder-webm-vorbis: bf7c407c2cedff20999df2af8eb42d56 -> 
  custom:framework-win-MediaFoundation: 216162199b28c13a410421893ffa2e32 -> 
  custom:container-muxer-webm: aa71ff27fc2769a1b78a27578f13a17b -> 
========================================================================
Received Prepare
Begin MonoManager ReloadAssembly
- Loaded All Assemblies, in  1.599 seconds
Refreshing native plugins compatible for Editor in 19.07 ms, found 6 plugins.
Native extension for WindowsStandalone target not found
Native extension for Android target not found
Native extension for WebGL target not found
Mono: successfully reloaded assembly
- Finished resetting the current domain, in  1.241 seconds
Domain Reload Profiling:
	ReloadAssembly (707ms)
		BeginReloadAssembly (483ms)
			ExecutionOrderSort (0ms)
			DisableScriptedObjects (17ms)
			BackupInstance (0ms)
			ReleaseScriptingObjects (0ms)
			CreateAndSetChildDomain (101ms)
		LoadAllAssembliesAndSetupDomain (869ms)
			LoadAssemblies (679ms)
			RebuildTransferFunctionScriptingTraits (0ms)
			SetupTypeCache (389ms)
				TypeCache.Initialize (369ms)
					TypeCache.ScanAssembly (364ms)
				ResolveRequiredComponents (13ms)
		FinalizeReload (0ms)
			ReleaseScriptCaches (0ms)
			RebuildScriptCaches (0ms)
			SetupLoadedEditorAssemblies (642ms)
				LogAssemblyErrors (0ms)
				InitializePlatformSupportModulesInManaged (91ms)
				SetLoadedEditorAssemblies (9ms)
				RefreshPlugins (0ms)
				BeforeProcessingInitializeOnLoad (131ms)
				ProcessInitializeOnLoadAttributes (316ms)
				ProcessInitializeOnLoadMethodAttributes (47ms)
				AfterProcessingInitializeOnLoad (47ms)
				EditorAssembliesLoaded (1ms)
			ExecutionOrderSort2 (0ms)
			AwakeInstancesAfterBackupRestoration (28ms)
Refreshing native plugins compatible for Editor in 15.92 ms, found 6 plugins.
Preloading 0 native plugins for Editor in 0.00 ms.
Unloading 1319 Unused Serialized files (Serialized files now loaded: 0)
Unloading 31 unused Assets / (386.3 KB). Loaded Objects now: 1856.
Memory consumption went from 83.2 MB to 82.8 MB.
Total: 5.365500 ms (FindLiveObjects: 0.202500 ms CreateObjectMapping: 0.093900 ms MarkObjects: 4.647900 ms  DeleteObjects: 0.418600 ms)

Prepare: number of updated asset objects reloaded= 0
AssetImportParameters requested are different than current active one (requested -> active):
  custom:video-encoder-webm-vp8: eb34c28f22e8b96e1ab97ce403110664 -> 
  custom:video-decoder-webm-vp8: 9c59270c3fd7afecdb556c50c9e8de78 -> 
  custom:audio-decoder-ogg-vorbis: bf7c407c2cedff20999df2af8eb42d56 -> 
  custom:container-demuxer-ogg: 62fdf1f143b41e24485cea50d1cbac27 -> 
  custom:AudioImporter_EditorPlatform: d09bf68614088b80899f8185d706f6e7 -> 
  custom:container-demuxer-webm: 4f35f7cbe854078d1ac9338744f61a02 -> 
  custom:video-decoder-ogg-theora: a1e56fd34408186e4bbccfd4996cb3dc -> 
  custom:audio-encoder-webm-vorbis: bf7c407c2cedff20999df2af8eb42d56 -> 
  custom:framework-win-MediaFoundation: 216162199b28c13a410421893ffa2e32 -> 
  custom:container-muxer-webm: aa71ff27fc2769a1b78a27578f13a17b -> 
========================================================================
Received Import Request.
  Time since last request: 543.938222 seconds.
  path: Assets/Editor
  artifactKey: Guid(35edc19eb187f1e4895171116b95d9ba) Importer(815301076,1909f56bfc062723c751e8b465ee728b)
Start importing Assets/Editor using Guid(35edc19eb187f1e4895171116b95d9ba) Importer(815301076,1909f56bfc062723c751e8b465ee728b)  -> (artifact id: '863fc6938495c244b929f44274f56e2b') in 0.004934 seconds 
Number of updated asset objects reloaded before import = 0
Number of asset objects unloaded after import = 0
========================================================================
Received Import Request.
  Time since last request: 1.602917 seconds.
  path: Assets/Editor/RopeEditor.cs
  artifactKey: Guid(62539a5378b7b4b42ac0126d2fe85275) Importer(815301076,1909f56bfc062723c751e8b465ee728b)
Start importing Assets/Editor/RopeEditor.cs using Guid(62539a5378b7b4b42ac0126d2fe85275) Importer(815301076,1909f56bfc062723c751e8b465ee728b)  -> (artifact id: 'b9c4566fbcd59c4380738aced827a704') in 0.001810 seconds 
Number of updated asset objects reloaded before import = 0
Number of asset objects unloaded after import = 0
========================================================================
Received Import Request.
  Time since last request: 0.943721 seconds.
  path: Assets/Editor/Rope2Inspector.cs
  artifactKey: Guid(212c6bf587c8e0c448a2edd16c415226) Importer(815301076,1909f56bfc062723c751e8b465ee728b)
Start importing Assets/Editor/Rope2Inspector.cs using Guid(212c6bf587c8e0c448a2edd16c415226) Importer(815301076,1909f56bfc062723c751e8b465ee728b)  -> (artifact id: '85239397ad9e212e813c126914cc347b') in 0.001540 seconds 
Number of updated asset objects reloaded before import = 0
Number of asset objects unloaded after import = 0
========================================================================
Received Import Request.
  Time since last request: 0.560608 seconds.
  path: Assets/Editor/HighlightingSystemEditor.cs
  artifactKey: Guid(c02fd6696d7037f478ca290389772474) Importer(815301076,1909f56bfc062723c751e8b465ee728b)
Start importing Assets/Editor/HighlightingSystemEditor.cs using Guid(c02fd6696d7037f478ca290389772474) Importer(815301076,1909f56bfc062723c751e8b465ee728b)  -> (artifact id: 'ab8a3bacbd707f9d8005146595267af8') in 0.001704 seconds 
Number of updated asset objects reloaded before import = 0
Number of asset objects unloaded after import = 0
========================================================================
Received Import Request.
  Time since last request: 0.578401 seconds.
  path: Assets/Editor/FreeType64.dll
  artifactKey: Guid(f04db6bee7da2094ea96d2d4541a3433) Importer(815301076,1909f56bfc062723c751e8b465ee728b)
Start importing Assets/Editor/FreeType64.dll using Guid(f04db6bee7da2094ea96d2d4541a3433) Importer(815301076,1909f56bfc062723c751e8b465ee728b)  -> (artifact id: 'd86a3a4c66385c231b71ff8f2b7012c8') in 0.001438 seconds 
Number of updated asset objects reloaded before import = 0
Number of asset objects unloaded after import = 0
========================================================================
Received Import Request.
  Time since last request: 1.053289 seconds.
  path: Assets/Editor/FreeType.dylib
  artifactKey: Guid(83d67a4d19a9444f1bf70bcb6721b5d7) Importer(815301076,1909f56bfc062723c751e8b465ee728b)
Start importing Assets/Editor/FreeType.dylib using Guid(83d67a4d19a9444f1bf70bcb6721b5d7) Importer(815301076,1909f56bfc062723c751e8b465ee728b)  -> (artifact id: 'cc9168f07af36d801311b01a481c6170') in 0.024054 seconds 
Number of updated asset objects reloaded before import = 0
Number of asset objects unloaded after import = 1
========================================================================
Received Import Request.
  Time since last request: 1.134910 seconds.
  path: Assets/Editor/FreeType.dll
  artifactKey: Guid(f801416effc99aa46b3cf89b61a49c6e) Importer(815301076,1909f56bfc062723c751e8b465ee728b)
Start importing Assets/Editor/FreeType.dll using Guid(f801416effc99aa46b3cf89b61a49c6e) Importer(815301076,1909f56bfc062723c751e8b465ee728b)  -> (artifact id: '9013b9395fdb94233bd80ab4bcb13351') in 0.001614 seconds 
Number of updated asset objects reloaded before import = 0
Number of asset objects unloaded after import = 0
========================================================================
Received Import Request.
  Time since last request: 3.119347 seconds.
  path: Assets/Editor/Preview
  artifactKey: Guid(7abc1bfabe3adb741a055c1da2f6f43f) Importer(815301076,1909f56bfc062723c751e8b465ee728b)
Start importing Assets/Editor/Preview using Guid(7abc1bfabe3adb741a055c1da2f6f43f) Importer(815301076,1909f56bfc062723c751e8b465ee728b)  -> (artifact id: 'e657452feee63b4880d137cb11bc3ad1') in 0.001657 seconds 
Number of updated asset objects reloaded before import = 0
Number of asset objects unloaded after import = 0
========================================================================
Received Import Request.
  Time since last request: 1.671055 seconds.
  path: Assets/Editor/Preview/Control - Colored Checkbox.png
  artifactKey: Guid(737211ff6e83c5f4babd40d5cc5b2e94) Importer(815301076,1909f56bfc062723c751e8b465ee728b)
Start importing Assets/Editor/Preview/Control - Colored Checkbox.png using Guid(737211ff6e83c5f4babd40d5cc5b2e94) Importer(815301076,1909f56bfc062723c751e8b465ee728b)  -> (artifact id: '4a74ed101980ae8c6e93095cb3ad546d') in 0.087018 seconds 
Number of updated asset objects reloaded before import = 0
Number of asset objects unloaded after import = 2
========================================================================
Received Import Request.
  Time since last request: 2.104908 seconds.
  path: Assets/Editor/Preview/Control - Colored Slider.png
  artifactKey: Guid(51decac5933324a4ebb5df8e33571cc3) Importer(815301076,1909f56bfc062723c751e8b465ee728b)
Start importing Assets/Editor/Preview/Control - Colored Slider.png using Guid(51decac5933324a4ebb5df8e33571cc3) Importer(815301076,1909f56bfc062723c751e8b465ee728b)  -> (artifact id: 'fcaae3e7e6cbaec1b6cd16e3f43c646c') in 0.021445 seconds 
Number of updated asset objects reloaded before import = 0
Number of asset objects unloaded after import = 2
========================================================================
Received Import Request.
  Time since last request: 0.914587 seconds.
  path: Assets/Editor/Preview/Control - Colored Popup List.png
  artifactKey: Guid(8a499e7c18f95184e9df7b63d375f25b) Importer(815301076,1909f56bfc062723c751e8b465ee728b)
Start importing Assets/Editor/Preview/Control - Colored Popup List.png using Guid(8a499e7c18f95184e9df7b63d375f25b) Importer(815301076,1909f56bfc062723c751e8b465ee728b)  -> (artifact id: 'c39fe26370628c096b6618329316e1fb') in 0.026353 seconds 
Number of updated asset objects reloaded before import = 0
Number of asset objects unloaded after import = 2
========================================================================
Received Import Request.
  Time since last request: 0.973895 seconds.
  path: Assets/Editor/Preview/Control - Colored Vertical Scroll Bar.png
  artifactKey: Guid(766942a75e07e4b44b3d17844bc185fb) Importer(815301076,1909f56bfc062723c751e8b465ee728b)
Start importing Assets/Editor/Preview/Control - Colored Vertical Scroll Bar.png using Guid(766942a75e07e4b44b3d17844bc185fb) Importer(815301076,1909f56bfc062723c751e8b465ee728b)  -> (artifact id: '225d5c5434ece2dcd737dd48d3207a2d') in 0.026522 seconds 
Number of updated asset objects reloaded before import = 0
Number of asset objects unloaded after import = 2
